<?xml version="1.0" encoding="UTF-8"?>
<!-- Generated by org.testng.reporters.JUnitReportReporter -->
<testsuite hostname="GURUKIRAN" failures="0" tests="1" name="com.Ecommerce.Mycs.UserModules.OrderTest" time="13.328" errors="0" timestamp="2025-04-02T18:05:51 IST" skipped="0">
  <testcase classname="com.Ecommerce.Mycs.UserModules.OrderTest" name="orderPlacedInTodaysOrder" time="13.328"/>
</testsuite> <!-- com.Ecommerce.Mycs.UserModules.OrderTest -->
