<?xml version="1.0" encoding="UTF-8"?>
<!-- Generated by org.testng.reporters.JUnitReportReporter -->
<testsuite hostname="GURUKIRAN" failures="0" tests="1" name="com.Ecommerce.Mycs.UserModules.AdminModuleTest" time="10.839" errors="0" timestamp="2025-04-02T18:20:20 IST" skipped="0">
  <testcase classname="com.Ecommerce.Mycs.UserModules.AdminModuleTest" name="adminCategoryTest" time="10.839"/>
</testsuite> <!-- com.Ecommerce.Mycs.UserModules.AdminModuleTest -->
