<?xml version="1.0" encoding="UTF-8"?>
<!-- Generated by org.testng.reporters.JUnitReportReporter -->
<testsuite hostname="GURUKIRAN" failures="0" tests="1" name="Ecommerce.Mycs.Practice.maven" time="2.601" errors="0" timestamp="2025-03-30T13:36:52 IST" skipped="0">
  <testcase classname="Ecommerce.Mycs.Practice.maven" name="test" time="2.601"/>
</testsuite> <!-- Ecommerce.Mycs.Practice.maven -->
