<?xml version="1.0" encoding="UTF-8"?>
<!-- Generated by org.testng.reporters.JUnitReportReporter -->
<testsuite hostname="GURUKIRAN" failures="0" tests="1" name="Ecommerce.Mycs.Modules.OrderTest" time="17.107" errors="0" timestamp="2025-04-01T16:18:22 IST" skipped="0">
  <testcase classname="Ecommerce.Mycs.Modules.OrderTest" name="placeOrdertest" time="17.107"/>
</testsuite> <!-- Ecommerce.Mycs.Modules.OrderTest -->
