<?xml version="1.0" encoding="UTF-8"?>
<!-- Generated by org.testng.reporters.JUnitReportReporter -->
<testsuite hostname="GURUKIRAN" failures="0" tests="1" name="Ecommerce.Mycs.Modules.AdminModule" time="10.879" errors="0" timestamp="2025-04-01T10:53:09 IST" skipped="0">
  <testcase classname="Ecommerce.Mycs.Modules.AdminModule" name="logedInAndLogout" time="10.879"/>
</testsuite> <!-- Ecommerce.Mycs.Modules.AdminModule -->
