<?xml version="1.0" encoding="UTF-8"?>
<!-- Generated by org.testng.reporters.JUnitReportReporter -->
<testsuite hostname="GURUKIRAN" failures="0" tests="1" name="Ecommerce.Mycs.Practice.mavenTest" time="1.305" errors="0" timestamp="2025-03-30T13:46:54 IST" skipped="0">
  <testcase classname="Ecommerce.Mycs.Practice.mavenTest" name="test" time="1.305"/>
</testsuite> <!-- Ecommerce.Mycs.Practice.mavenTest -->
