<?xml version="1.0" encoding="UTF-8"?>
<!-- Generated by org.testng.reporters.JUnitReportReporter -->
<testsuite hostname="GURUKIRAN" failures="0" tests="1" name="com.Ecommerce.Mycs.UserModules.AdminModuleTest" time="12.415" errors="0" timestamp="2025-04-04T10:39:07 IST" skipped="0">
  <testcase classname="com.Ecommerce.Mycs.UserModules.AdminModuleTest" name="insertProductTest" time="12.415"/>
</testsuite> <!-- com.Ecommerce.Mycs.UserModules.AdminModuleTest -->
